@!@!@STARTMSG 2262:0 @!@!@
TLC2 Version 2.14 of 10 July 2019 (rev: 0cae24f)
@!@!@ENDMSG 2262 @!@!@
@!@!@STARTMSG 2187:0 @!@!@
Running breadth-first search Model-Checking with fp 114 and seed -3535780472066544676 with 15 workers on 4 cores with 3641MB heap and 64MB offheap memory [pid: 19395] (Mac OS X 10.13.6 x86_64, Oracle Corporation 11.0.2 x86_64, MSBDiskFPSet, DiskStateQueue).
@!@!@ENDMSG 2187 @!@!@
@!@!@STARTMSG 2220:0 @!@!@
Starting SANY...
@!@!@ENDMSG 2220 @!@!@
Parsing file /Users/williamschultz/Desktop/raft-mongo-refinement/RaftMongoMC.tla
Parsing file /Users/williamschultz/Desktop/raft-mongo-refinement/RaftMongo.tla
Parsing file /private/var/folders/pw/j67kzn2j1_dfc15ct77kj1d40000gq/T/Naturals.tla
Parsing file /private/var/folders/pw/j67kzn2j1_dfc15ct77kj1d40000gq/T/FiniteSets.tla
Parsing file /private/var/folders/pw/j67kzn2j1_dfc15ct77kj1d40000gq/T/Sequences.tla
Parsing file /private/var/folders/pw/j67kzn2j1_dfc15ct77kj1d40000gq/T/TLC.tla
Semantic processing of module Naturals
Semantic processing of module Sequences
Semantic processing of module FiniteSets
Semantic processing of module TLC
Semantic processing of module RaftMongo
Semantic processing of module RaftMongoMC
@!@!@STARTMSG 2219:0 @!@!@
SANY finished.
@!@!@ENDMSG 2219 @!@!@
@!@!@STARTMSG 2185:0 @!@!@
Starting... (2020-01-10 10:22:04)
@!@!@ENDMSG 2185 @!@!@
@!@!@STARTMSG 2189:0 @!@!@
Computing initial states...
@!@!@ENDMSG 2189 @!@!@
@!@!@STARTMSG 2190:0 @!@!@
Finished computing initial states: 1 distinct state generated at 2020-01-10 10:22:05.
@!@!@ENDMSG 2190 @!@!@
@!@!@STARTMSG 2110:1 @!@!@
Invariant Inv is violated.
@!@!@ENDMSG 2110 @!@!@
@!@!@STARTMSG 2121:1 @!@!@
The behavior up to this point is:
@!@!@ENDMSG 2121 @!@!@
@!@!@STARTMSG 2217:4 @!@!@
1: <Initial predicate>
/\ state = (n1 :> Follower @@ n2 :> Follower @@ n3 :> Follower)
/\ globalCurrentTerm = 1
/\ log = (n1 :> <<>> @@ n2 :> <<>> @@ n3 :> <<>>)

@!@!@ENDMSG 2217 @!@!@
@!@!@STARTMSG 2217:4 @!@!@
2: <Next line 144, col 9 to line 148, col 62 of module RaftMongo>
/\ state = (n1 :> Follower @@ n2 :> Follower @@ n3 :> Leader)
/\ globalCurrentTerm = 2
/\ log = (n1 :> <<>> @@ n2 :> <<>> @@ n3 :> <<>>)

@!@!@ENDMSG 2217 @!@!@
@!@!@STARTMSG 2217:4 @!@!@
3: <Next line 144, col 9 to line 148, col 62 of module RaftMongo>
/\ state = (n1 :> Follower @@ n2 :> Follower @@ n3 :> Leader)
/\ globalCurrentTerm = 2
/\ log = (n1 :> <<>> @@ n2 :> <<>> @@ n3 :> <<[term |-> 2, value |-> v]>>)

@!@!@ENDMSG 2217 @!@!@
@!@!@STARTMSG 2217:4 @!@!@
4: <Next line 144, col 9 to line 148, col 62 of module RaftMongo>
/\ state = (n1 :> Follower @@ n2 :> Follower @@ n3 :> Leader)
/\ globalCurrentTerm = 2
/\ log = ( n1 :> <<>> @@
  n2 :> <<>> @@
  n3 :> <<[term |-> 2, value |-> v], [term |-> 2, value |-> v]>> )

@!@!@ENDMSG 2217 @!@!@
@!@!@STARTMSG 2217:4 @!@!@
5: <Next line 144, col 9 to line 148, col 62 of module RaftMongo>
/\ state = (n1 :> Follower @@ n2 :> Follower @@ n3 :> Leader)
/\ globalCurrentTerm = 2
/\ log = ( n1 :> <<>> @@
  n2 :> <<>> @@
  n3 :>
      << [term |-> 2, value |-> v],
         [term |-> 2, value |-> v],
         [term |-> 2, value |-> v] >> )

@!@!@ENDMSG 2217 @!@!@
@!@!@STARTMSG 2201:0 @!@!@
The coverage statistics at 2020-01-10 10:22:05
@!@!@ENDMSG 2201 @!@!@
@!@!@STARTMSG 2773:0 @!@!@
<Init line 66, col 1 to line 66, col 4 of module RaftMongo>: 2:2
@!@!@ENDMSG 2773 @!@!@
@!@!@STARTMSG 2221:0 @!@!@
  line 66, col 9 to line 67, col 22 of module RaftMongo: 2
@!@!@ENDMSG 2221 @!@!@
@!@!@STARTMSG 2772:0 @!@!@
<Next line 144, col 1 to line 144, col 4 of module RaftMongo>: 137:361
@!@!@ENDMSG 2772 @!@!@
@!@!@STARTMSG 2221:0 @!@!@
  line 74, col 8 to line 74, col 32 of module RaftMongo: 117
@!@!@ENDMSG 2221 @!@!@
@!@!@STARTMSG 2221:0 @!@!@
  |line 74, col 8 to line 74, col 18 of module RaftMongo: 612
@!@!@ENDMSG 2221 @!@!@
@!@!@STARTMSG 2221:0 @!@!@
  |line 74, col 22 to line 74, col 32 of module RaftMongo: 612
@!@!@ENDMSG 2221 @!@!@
@!@!@STARTMSG 2221:0 @!@!@
  line 75, col 8 to line 75, col 49 of module RaftMongo: 234
@!@!@ENDMSG 2221 @!@!@
@!@!@STARTMSG 2221:0 @!@!@
  |line 75, col 8 to line 75, col 23 of module RaftMongo: 117
@!@!@ENDMSG 2221 @!@!@
@!@!@STARTMSG 2221:0 @!@!@
  ||line 53, col 19 to line 53, col 67 of module RaftMongo: 117
@!@!@ENDMSG 2221 @!@!@
@!@!@STARTMSG 2221:0 @!@!@
  |||line 53, col 22 to line 53, col 34 of module RaftMongo: 117
@!@!@ENDMSG 2221 @!@!@
@!@!@STARTMSG 2221:0 @!@!@
  |||line 53, col 48 to line 53, col 67 of module RaftMongo: 5
@!@!@ENDMSG 2221 @!@!@
@!@!@STARTMSG 2221:0 @!@!@
  ||line 75, col 17 to line 75, col 22 of module RaftMongo: 117
@!@!@ENDMSG 2221 @!@!@
@!@!@STARTMSG 2221:0 @!@!@
  |line 75, col 27 to line 75, col 49 of module RaftMongo: 117
@!@!@ENDMSG 2221 @!@!@
@!@!@STARTMSG 2221:0 @!@!@
  ||line 52, col 22 to line 52, col 64 of module RaftMongo: 117
@!@!@ENDMSG 2221 @!@!@
@!@!@STARTMSG 2221:0 @!@!@
  |||line 52, col 25 to line 52, col 33 of module RaftMongo: 117
@!@!@ENDMSG 2221 @!@!@
@!@!@STARTMSG 2221:0 @!@!@
  |||line 52, col 47 to line 52, col 64 of module RaftMongo: 5
@!@!@ENDMSG 2221 @!@!@
@!@!@STARTMSG 2221:0 @!@!@
  ||line 75, col 35 to line 75, col 35 of module RaftMongo: 5
@!@!@ENDMSG 2221 @!@!@
@!@!@STARTMSG 2221:0 @!@!@
  ||line 75, col 38 to line 75, col 48 of module RaftMongo: 117
@!@!@ENDMSG 2221 @!@!@
@!@!@STARTMSG 2221:0 @!@!@
  line 76, col 8 to line 76, col 73 of module RaftMongo: 117
@!@!@ENDMSG 2221 @!@!@
@!@!@STARTMSG 2221:0 @!@!@
  line 77, col 8 to line 77, col 31 of module RaftMongo: 117
@!@!@ENDMSG 2221 @!@!@
@!@!@STARTMSG 2221:0 @!@!@
  line 145, col 47 to line 145, col 47 of module RaftMongo: 612
@!@!@ENDMSG 2221 @!@!@
@!@!@STARTMSG 2221:0 @!@!@
  line 145, col 50 to line 145, col 50 of module RaftMongo: 612
@!@!@ENDMSG 2221 @!@!@
@!@!@STARTMSG 2221:0 @!@!@
  line 145, col 26 to line 145, col 31 of module RaftMongo: 68
@!@!@ENDMSG 2221 @!@!@
@!@!@STARTMSG 2221:0 @!@!@
  line 80, col 8 to line 80, col 22 of module RaftMongo: 3
@!@!@ENDMSG 2221 @!@!@
@!@!@STARTMSG 2221:0 @!@!@
  |line 80, col 8 to line 80, col 18 of module RaftMongo: 612
@!@!@ENDMSG 2221 @!@!@
@!@!@STARTMSG 2221:0 @!@!@
  line 82, col 8 to line 82, col 42 of module RaftMongo: 3
@!@!@ENDMSG 2221 @!@!@
@!@!@STARTMSG 2221:0 @!@!@
  |line 82, col 8 to line 82, col 23 of module RaftMongo: 282
@!@!@ENDMSG 2221 @!@!@
@!@!@STARTMSG 2221:0 @!@!@
  |line 82, col 27 to line 82, col 42 of module RaftMongo: 282
@!@!@ENDMSG 2221 @!@!@
@!@!@STARTMSG 2221:0 @!@!@
  ||line 53, col 19 to line 53, col 67 of module RaftMongo: 282
@!@!@ENDMSG 2221 @!@!@
@!@!@STARTMSG 2221:0 @!@!@
  |||line 53, col 22 to line 53, col 34 of module RaftMongo: 282
@!@!@ENDMSG 2221 @!@!@
@!@!@STARTMSG 2221:0 @!@!@
  |||line 53, col 48 to line 53, col 67 of module RaftMongo: 170
@!@!@ENDMSG 2221 @!@!@
@!@!@STARTMSG 2221:0 @!@!@
  ||line 82, col 36 to line 82, col 41 of module RaftMongo: 282
@!@!@ENDMSG 2221 @!@!@
@!@!@STARTMSG 2221:0 @!@!@
  line 84, col 11 to line 84, col 35 of module RaftMongo: 3
@!@!@ENDMSG 2221 @!@!@
@!@!@STARTMSG 2221:0 @!@!@
  line 86, col 14 to line 86, col 39 of module RaftMongo: 3
@!@!@ENDMSG 2221 @!@!@
@!@!@STARTMSG 2221:0 @!@!@
  line 87, col 14 to line 87, col 56 of module RaftMongo: 6
@!@!@ENDMSG 2221 @!@!@
@!@!@STARTMSG 2221:0 @!@!@
  |line 87, col 14 to line 87, col 29 of module RaftMongo: 3
@!@!@ENDMSG 2221 @!@!@
@!@!@STARTMSG 2221:0 @!@!@
  |line 87, col 34 to line 87, col 56 of module RaftMongo: 3
@!@!@ENDMSG 2221 @!@!@
@!@!@STARTMSG 2221:0 @!@!@
  line 90, col 25 to line 90, col 25 of module RaftMongo: 612
@!@!@ENDMSG 2221 @!@!@
@!@!@STARTMSG 2221:0 @!@!@
  line 90, col 28 to line 90, col 28 of module RaftMongo: 282
@!@!@ENDMSG 2221 @!@!@
@!@!@STARTMSG 2221:0 @!@!@
  line 93, col 13 to line 93, col 42 of module RaftMongo: 3
@!@!@ENDMSG 2221 @!@!@
@!@!@STARTMSG 2221:0 @!@!@
  line 94, col 8 to line 94, col 31 of module RaftMongo: 3
@!@!@ENDMSG 2221 @!@!@
@!@!@STARTMSG 2221:0 @!@!@
  line 146, col 49 to line 146, col 49 of module RaftMongo: 612
@!@!@ENDMSG 2221 @!@!@
@!@!@STARTMSG 2221:0 @!@!@
  line 146, col 52 to line 146, col 52 of module RaftMongo: 282
@!@!@ENDMSG 2221 @!@!@
@!@!@STARTMSG 2221:0 @!@!@
  line 146, col 26 to line 146, col 31 of module RaftMongo: 68
@!@!@ENDMSG 2221 @!@!@
@!@!@STARTMSG 2221:0 @!@!@
  line 128, col 11 to line 128, col 33 of module RaftMongo: 379
@!@!@ENDMSG 2221 @!@!@
@!@!@STARTMSG 2221:0 @!@!@
  |line 128, col 11 to line 128, col 22 of module RaftMongo: 204
@!@!@ENDMSG 2221 @!@!@
@!@!@STARTMSG 2775:0 @!@!@
  ||line 127, col 13 to line 127, col 55 of module RaftMongo: 204:696
@!@!@ENDMSG 2775 @!@!@
@!@!@STARTMSG 2221:0 @!@!@
  |||line 127, col 34 to line 127, col 53 of module RaftMongo: 612
@!@!@ENDMSG 2221 @!@!@
@!@!@STARTMSG 2221:0 @!@!@
  ||||line 123, col 13 to line 125, col 45 of module RaftMongo: 612
@!@!@ENDMSG 2221 @!@!@
@!@!@STARTMSG 2221:0 @!@!@
  |||||line 123, col 16 to line 123, col 51 of module RaftMongo: 612
@!@!@ENDMSG 2221 @!@!@
@!@!@STARTMSG 2221:0 @!@!@
  ||||||line 123, col 16 to line 123, col 32 of module RaftMongo: 612
@!@!@ENDMSG 2221 @!@!@
@!@!@STARTMSG 2221:0 @!@!@
  |||||||line 53, col 19 to line 53, col 67 of module RaftMongo: 612
@!@!@ENDMSG 2221 @!@!@
@!@!@STARTMSG 2221:0 @!@!@
  ||||||||line 53, col 22 to line 53, col 34 of module RaftMongo: 612
@!@!@ENDMSG 2221 @!@!@
@!@!@STARTMSG 2221:0 @!@!@
  ||||||||line 53, col 48 to line 53, col 67 of module RaftMongo: 282
@!@!@ENDMSG 2221 @!@!@
@!@!@STARTMSG 2221:0 @!@!@
  |||||||line 123, col 25 to line 123, col 31 of module RaftMongo: 612
@!@!@ENDMSG 2221 @!@!@
@!@!@STARTMSG 2221:0 @!@!@
  ||||||line 123, col 36 to line 123, col 51 of module RaftMongo: 612
@!@!@ENDMSG 2221 @!@!@
@!@!@STARTMSG 2221:0 @!@!@
  |||||||line 53, col 19 to line 53, col 67 of module RaftMongo: 612
@!@!@ENDMSG 2221 @!@!@
@!@!@STARTMSG 2221:0 @!@!@
  ||||||||line 53, col 22 to line 53, col 34 of module RaftMongo: 612
@!@!@ENDMSG 2221 @!@!@
@!@!@STARTMSG 2221:0 @!@!@
  ||||||||line 53, col 48 to line 53, col 67 of module RaftMongo: 282
@!@!@ENDMSG 2221 @!@!@
@!@!@STARTMSG 2221:0 @!@!@
  |||||||line 123, col 45 to line 123, col 50 of module RaftMongo: 612
@!@!@ENDMSG 2221 @!@!@
@!@!@STARTMSG 2221:0 @!@!@
  |||||line 124, col 16 to line 125, col 45 of module RaftMongo: 497
@!@!@ENDMSG 2221 @!@!@
@!@!@STARTMSG 2221:0 @!@!@
  ||||||line 124, col 19 to line 124, col 54 of module RaftMongo: 497
@!@!@ENDMSG 2221 @!@!@
@!@!@STARTMSG 2221:0 @!@!@
  |||||||line 124, col 19 to line 124, col 35 of module RaftMongo: 497
@!@!@ENDMSG 2221 @!@!@
@!@!@STARTMSG 2221:0 @!@!@
  ||||||||line 53, col 19 to line 53, col 67 of module RaftMongo: 497
@!@!@ENDMSG 2221 @!@!@
@!@!@STARTMSG 2221:0 @!@!@
  |||||||||line 53, col 22 to line 53, col 34 of module RaftMongo: 497
@!@!@ENDMSG 2221 @!@!@
@!@!@STARTMSG 2221:0 @!@!@
  |||||||||line 53, col 48 to line 53, col 67 of module RaftMongo: 167
@!@!@ENDMSG 2221 @!@!@
@!@!@STARTMSG 2221:0 @!@!@
  ||||||||line 124, col 28 to line 124, col 34 of module RaftMongo: 497
@!@!@ENDMSG 2221 @!@!@
@!@!@STARTMSG 2221:0 @!@!@
  |||||||line 124, col 39 to line 124, col 54 of module RaftMongo: 497
@!@!@ENDMSG 2221 @!@!@
@!@!@STARTMSG 2221:0 @!@!@
  ||||||||line 53, col 19 to line 53, col 67 of module RaftMongo: 497
@!@!@ENDMSG 2221 @!@!@
@!@!@STARTMSG 2221:0 @!@!@
  |||||||||line 53, col 22 to line 53, col 34 of module RaftMongo: 497
@!@!@ENDMSG 2221 @!@!@
@!@!@STARTMSG 2221:0 @!@!@
  |||||||||line 53, col 48 to line 53, col 67 of module RaftMongo: 279
@!@!@ENDMSG 2221 @!@!@
@!@!@STARTMSG 2221:0 @!@!@
  ||||||||line 124, col 48 to line 124, col 53 of module RaftMongo: 497
@!@!@ENDMSG 2221 @!@!@
@!@!@STARTMSG 2221:0 @!@!@
  ||||||line 125, col 19 to line 125, col 45 of module RaftMongo: 382
@!@!@ENDMSG 2221 @!@!@
@!@!@STARTMSG 2221:0 @!@!@
  ||||line 127, col 44 to line 127, col 45 of module RaftMongo: 612
@!@!@ENDMSG 2221 @!@!@
@!@!@STARTMSG 2221:0 @!@!@
  ||||line 127, col 48 to line 127, col 52 of module RaftMongo: 612
@!@!@ENDMSG 2221 @!@!@
@!@!@STARTMSG 2221:0 @!@!@
  |||line 127, col 25 to line 127, col 30 of module RaftMongo: 204
@!@!@ENDMSG 2221 @!@!@
@!@!@STARTMSG 2221:0 @!@!@
  ||line 128, col 21 to line 128, col 21 of module RaftMongo: 204
@!@!@ENDMSG 2221 @!@!@
@!@!@STARTMSG 2221:0 @!@!@
  |line 128, col 28 to line 128, col 33 of module RaftMongo: 204
@!@!@ENDMSG 2221 @!@!@
@!@!@STARTMSG 2221:0 @!@!@
  line 129, col 11 to line 129, col 80 of module RaftMongo: 175
@!@!@ENDMSG 2221 @!@!@
@!@!@STARTMSG 2221:0 @!@!@
  line 130, col 11 to line 130, col 52 of module RaftMongo: 175
@!@!@ENDMSG 2221 @!@!@
@!@!@STARTMSG 2221:0 @!@!@
  line 131, col 11 to line 131, col 31 of module RaftMongo: 175
@!@!@ENDMSG 2221 @!@!@
@!@!@STARTMSG 2221:0 @!@!@
  line 147, col 54 to line 147, col 54 of module RaftMongo: 204
@!@!@ENDMSG 2221 @!@!@
@!@!@STARTMSG 2221:0 @!@!@
  line 147, col 24 to line 147, col 29 of module RaftMongo: 68
@!@!@ENDMSG 2221 @!@!@
@!@!@STARTMSG 2221:0 @!@!@
  line 135, col 8 to line 135, col 24 of module RaftMongo: 270
@!@!@ENDMSG 2221 @!@!@
@!@!@STARTMSG 2221:0 @!@!@
  |line 135, col 8 to line 135, col 15 of module RaftMongo: 204
@!@!@ENDMSG 2221 @!@!@
@!@!@STARTMSG 2221:0 @!@!@
  |line 135, col 19 to line 135, col 24 of module RaftMongo: 204
@!@!@ENDMSG 2221 @!@!@
@!@!@STARTMSG 2221:0 @!@!@
  line 139, col 12 to line 139, col 44 of module RaftMongo: 66
@!@!@ENDMSG 2221 @!@!@
@!@!@STARTMSG 2221:0 @!@!@
  line 140, col 8 to line 140, col 31 of module RaftMongo: 66
@!@!@ENDMSG 2221 @!@!@
@!@!@STARTMSG 2221:0 @!@!@
  line 148, col 58 to line 148, col 58 of module RaftMongo: 204
@!@!@ENDMSG 2221 @!@!@
@!@!@STARTMSG 2221:0 @!@!@
  line 148, col 61 to line 148, col 61 of module RaftMongo: 66
@!@!@ENDMSG 2221 @!@!@
@!@!@STARTMSG 2221:0 @!@!@
  line 148, col 24 to line 148, col 29 of module RaftMongo: 68
@!@!@ENDMSG 2221 @!@!@
@!@!@STARTMSG 2221:0 @!@!@
  line 148, col 38 to line 148, col 42 of module RaftMongo: 68
@!@!@ENDMSG 2221 @!@!@
@!@!@STARTMSG 2774:0 @!@!@
<Inv line 9, col 1 to line 9, col 3 of module RaftMongoMC>
@!@!@ENDMSG 2774 @!@!@
@!@!@STARTMSG 2221:0 @!@!@
  line 9, col 8 to line 9, col 43 of module RaftMongoMC: 240
@!@!@ENDMSG 2221 @!@!@
@!@!@STARTMSG 2221:0 @!@!@
  |line 9, col 10 to line 9, col 42 of module RaftMongoMC: 240
@!@!@ENDMSG 2221 @!@!@
@!@!@STARTMSG 2221:0 @!@!@
  ||line 9, col 28 to line 9, col 42 of module RaftMongoMC: 710
@!@!@ENDMSG 2221 @!@!@
@!@!@STARTMSG 2221:0 @!@!@
  ||line 9, col 19 to line 9, col 24 of module RaftMongoMC: 240
@!@!@ENDMSG 2221 @!@!@
@!@!@STARTMSG 2202:0 @!@!@
End of statistics.
@!@!@ENDMSG 2202 @!@!@
@!@!@STARTMSG 2200:0 @!@!@
Progress(6) at 2020-01-10 10:22:05: 343 states generated (8,315 s/min), 138 distinct states found (3,345 ds/min), 61 states left on queue.
@!@!@ENDMSG 2200 @!@!@
@!@!@STARTMSG 2199:0 @!@!@
343 states generated, 138 distinct states found, 61 states left on queue.
@!@!@ENDMSG 2199 @!@!@
@!@!@STARTMSG 2194:0 @!@!@
The depth of the complete state graph search is 6.
@!@!@ENDMSG 2194 @!@!@
@!@!@STARTMSG 2268:0 @!@!@
The average outdegree of the complete state graph is 2 (minimum is 0, the maximum 6 and the 95th percentile is 6).
@!@!@ENDMSG 2268 @!@!@
@!@!@STARTMSG 2186:0 @!@!@
Finished in 2483ms at (2020-01-10 10:22:05)
@!@!@ENDMSG 2186 @!@!@
